<?xml version="1.0" encoding="UTF-8"?>
<testsuite name="Tests" tests="1" skipped="0" failures="0" errors="0" timestamp="2021-06-19T00:16:30" hostname="DESKTOP-BQSNVU1" time="0.091">
  <properties/>
  <testcase name="start" classname="Tests" time="0.091"/>
  <system-out><![CDATA[?[1;31m
Start test 1?[0m
Hello! My name is kiddoBot.
I was created in 2021.
]]></system-out>
  <system-err><![CDATA[]]></system-err>
</testsuite>
